# JRE version: OpenJDK Runtime Environment (25.0.1+8) (build 25.0.1+8-27)
# Java VM: OpenJDK 64-Bit Server VM (25.0.1+8-27, mixed mode, sharing, tiered, compressed oops, compressed class ptrs, g1 gc, windows-amd64)
GC Precious Log:
 CardTable entry size: 512
 Card Set container configuration: InlinePtr #cards 4 size 8 Array Of Cards #cards 16 size 48 Howl #buckets 8 coarsen threshold 3686 Howl Bitmap #cards 512 size 80 coarsen threshold 460 Card regions per heap region 1 cards per card region 4096
 CPUs: 12 total, 12 available
 Memory: 16025M
 Large Page Support: Disabled
 NUMA Support: Disabled
 Compressed Oops: Enabled (Zero based)
 Heap Region Size: 2M
 Heap Min Capacity: 8M
 Heap Initial Capacity: 252M
 Heap Max Capacity: 4008M
 Pre-touch: Disabled
 Parallel Workers: 10
 Concurrent Workers: 3
 Concurrent Refinement Workers: 10
 Periodic GC: Disabled
Heap:
 garbage-first heap   total reserved 4104192K, committed 260096K, used 51375K [0x0000000705800000, 0x0000000800000000)
  region size 2048K, 21 young (43008K), 1 survivors (2048K)
GC Heap Usage History (20 events):
Event: 319077.753 {heap Before GC invocations=2775 (full 0):
 garbage-first heap   total reserved 4104192K, committed 260096K, used 164009K [0x0000000705800000, 0x0000000800000000)
  region size 2048K, 75 young (153600K), 1 survivors (2048K)
}
Event: 319077.754 {heap After GC invocations=2776 (full 0):
 garbage-first heap   total reserved 4104192K, committed 260096K, used 12457K [0x0000000705800000, 0x0000000800000000)
  region size 2048K, 1 young (2048K), 1 survivors (2048K)
}
Event: 319080.861 {heap Before GC invocations=2776 (full 0):
 garbage-first heap   total reserved 4104192K, committed 260096K, used 164009K [0x0000000705800000, 0x0000000800000000)
  region size 2048K, 75 young (153600K), 1 survivors (2048K)
}
Event: 319080.863 {heap After GC invocations=2777 (full 0):
 garbage-first heap   total reserved 4104192K, committed 260096K, used 12454K [0x0000000705800000, 0x0000000800000000)
  region size 2048K, 1 young (2048K), 1 survivors (2048K)
}
Event: 319084.035 {heap Before GC invocations=2777 (full 0):
 garbage-first heap   total reserved 4104192K, committed 260096K, used 164006K [0x0000000705800000, 0x0000000800000000)
  region size 2048K, 75 young (153600K), 1 survivors (2048K)
}
Event: 319084.036 {heap After GC invocations=2778 (full 0):
 garbage-first heap   total reserved 4104192K, committed 260096K, used 12457K [0x0000000705800000, 0x0000000800000000)
  region size 2048K, 1 young (2048K), 1 survivors (2048K)
}
Event: 319087.178 {heap Before GC invocations=2778 (full 0):
 garbage-first heap   total reserved 4104192K, committed 260096K, used 164009K [0x0000000705800000, 0x0000000800000000)
  region size 2048K, 75 young (153600K), 1 survivors (2048K)
}
Event: 319087.180 {heap After GC invocations=2779 (full 0):
 garbage-first heap   total reserved 4104192K, committed 260096K, used 12454K [0x0000000705800000, 0x0000000800000000)
  region size 2048K, 1 young (2048K), 1 survivors (2048K)
}
Event: 319090.113 {heap Before GC invocations=2779 (full 0):
 garbage-first heap   total reserved 4104192K, committed 260096K, used 164006K [0x0000000705800000, 0x0000000800000000)
  region size 2048K, 75 young (153600K), 1 survivors (2048K)
}
Event: 319090.115 {heap After GC invocations=2780 (full 0):
 garbage-first heap   total reserved 4104192K, committed 260096K, used 12457K [0x0000000705800000, 0x0000000800000000)
  region size 2048K, 1 young (2048K), 1 survivors (2048K)
}
Event: 319092.742 {heap Before GC invocations=2780 (full 0):
 garbage-first heap   total reserved 4104192K, committed 260096K, used 164009K [0x0000000705800000, 0x0000000800000000)
  region size 2048K, 75 young (153600K), 1 survivors (2048K)
}
Event: 319092.743 {heap After GC invocations=2781 (full 0):
 garbage-first heap   total reserved 4104192K, committed 260096K, used 12457K [0x0000000705800000, 0x0000000800000000)
  region size 2048K, 1 young (2048K), 1 survivors (2048K)
}
Event: 319096.050 {heap Before GC invocations=2781 (full 0):
 garbage-first heap   total reserved 4104192K, committed 260096K, used 164009K [0x0000000705800000, 0x0000000800000000)
  region size 2048K, 75 young (153600K), 1 survivors (2048K)
}
Event: 319096.052 {heap After GC invocations=2782 (full 0):
 garbage-first heap   total reserved 4104192K, committed 260096K, used 12461K [0x0000000705800000, 0x0000000800000000)
  region size 2048K, 1 young (2048K), 1 survivors (2048K)
}
Event: 319098.919 {heap Before GC invocations=2782 (full 0):
 garbage-first heap   total reserved 4104192K, committed 260096K, used 164013K [0x0000000705800000, 0x0000000800000000)
  region size 2048K, 75 young (153600K), 1 survivors (2048K)
}
Event: 319098.920 {heap After GC invocations=2783 (full 0):
 garbage-first heap   total reserved 4104192K, committed 260096K, used 12454K [0x0000000705800000, 0x0000000800000000)
  region size 2048K, 1 young (2048K), 1 survivors (2048K)
}
Event: 319101.970 {heap Before GC invocations=2783 (full 0):
 garbage-first heap   total reserved 4104192K, committed 260096K, used 164006K [0x0000000705800000, 0x0000000800000000)
  region size 2048K, 75 young (153600K), 1 survivors (2048K)
}
Event: 319101.971 {heap After GC invocations=2784 (full 0):
 garbage-first heap   total reserved 4104192K, committed 260096K, used 12463K [0x0000000705800000, 0x0000000800000000)
  region size 2048K, 1 young (2048K), 1 survivors (2048K)
}
Event: 319223.244 {heap Before GC invocations=2784 (full 0):
 garbage-first heap   total reserved 4104192K, committed 260096K, used 164015K [0x0000000705800000, 0x0000000800000000)
  region size 2048K, 75 young (153600K), 1 survivors (2048K)
}
Event: 319223.245 {heap After GC invocations=2785 (full 0):
 garbage-first heap   total reserved 4104192K, committed 260096K, used 12463K [0x0000000705800000, 0x0000000800000000)
  region size 2048K, 1 young (2048K), 1 survivors (2048K)
}

